<?xml version="1.0" encoding="UTF-8"?>
<!-- Generated by org.testng.reporters.JUnitXMLReporter -->
<testsuite ignored="0" hostname="RaihanPc" failures="6" tests="6" name="Test" time="0.09" errors="0" timestamp="2021-09-08T22:33:36 BDT">
  <testcase classname="tests.VerifyLoginFunction" name="Given_I_am_in_Daraz_site" time="0.012">
    <failure type="java.lang.NullPointerException">
      <![CDATA[java.lang.NullPointerException
at tests.VerifyLoginFunction.Given_I_am_in_Daraz_site(VerifyLoginFunction.java:26)
at java.base/java.util.ArrayList.forEach(ArrayList.java:1540)
... Removed 27 stack frames]]>
    </failure>
  </testcase> <!-- Given_I_am_in_Daraz_site -->
  <testcase classname="tests.VerifyLoginFunction" name="when_I_click_on_login_button" time="0.006">
    <failure type="java.lang.NullPointerException">
      <![CDATA[java.lang.NullPointerException
at tests.VerifyLoginFunction.when_I_click_on_login_button(VerifyLoginFunction.java:33)
at java.base/java.util.ArrayList.forEach(ArrayList.java:1540)
... Removed 27 stack frames]]>
    </failure>
  </testcase> <!-- when_I_click_on_login_button -->
  <testcase classname="tests.VerifyLoginFunction" name="then_I_can_see_the_login_page" time="0.001">
    <failure type="java.lang.NullPointerException">
      <![CDATA[java.lang.NullPointerException
at tests.VerifyLoginFunction.then_I_can_see_the_login_page(VerifyLoginFunction.java:38)
at java.base/java.util.ArrayList.forEach(ArrayList.java:1540)
... Removed 27 stack frames]]>
    </failure>
  </testcase> <!-- then_I_can_see_the_login_page -->
  <testcase classname="tests.VerifyLoginFunction" name="and_I_enter_my_login_id_and_password" time="0.001">
    <failure type="java.lang.NullPointerException">
      <![CDATA[java.lang.NullPointerException
at tests.VerifyLoginFunction.and_I_enter_my_login_id_and_password(VerifyLoginFunction.java:45)
at java.base/java.util.ArrayList.forEach(ArrayList.java:1540)
... Removed 27 stack frames]]>
    </failure>
  </testcase> <!-- and_I_enter_my_login_id_and_password -->
  <testcase classname="tests.VerifyLoginFunction" name="and_I_click_on_login_button" time="0.001">
    <failure type="java.lang.NullPointerException">
      <![CDATA[java.lang.NullPointerException
at tests.VerifyLoginFunction.and_I_click_on_login_button(VerifyLoginFunction.java:51)
at java.base/java.util.ArrayList.forEach(ArrayList.java:1540)
... Removed 27 stack frames]]>
    </failure>
  </testcase> <!-- and_I_click_on_login_button -->
  <testcase classname="tests.VerifyLoginFunction" name="then_I_can_see_my_home_page" time="0.001">
    <failure type="java.lang.NullPointerException">
      <![CDATA[java.lang.NullPointerException
at tests.VerifyLoginFunction.then_I_can_see_my_home_page(VerifyLoginFunction.java:56)
at java.base/java.util.ArrayList.forEach(ArrayList.java:1540)
... Removed 27 stack frames]]>
    </failure>
  </testcase> <!-- then_I_can_see_my_home_page -->
</testsuite> <!-- Test -->
